c:\users\weaver\desktop\gameengine\release 1\debug\vc140.pdb
c:\users\weaver\desktop\gameengine\release 1\debug\vc140.idb
c:\users\weaver\desktop\gameengine\release 1\debug\errormanagement.obj
c:\users\weaver\desktop\gameengine\release 1\debug\game.obj
c:\users\weaver\desktop\gameengine\release 1\debug\inputmanager.obj
c:\users\weaver\desktop\gameengine\release 1\debug\listofmonsters.obj
c:\users\weaver\desktop\gameengine\release 1\debug\main.obj
c:\users\weaver\desktop\gameengine\release 1\debug\maincharacter.obj
c:\users\weaver\desktop\gameengine\release 1\debug\sdlinterface.obj
c:\users\weaver\desktop\gameengine\release 1\debug\sprite.obj
c:\users\weaver\desktop\gameengine\release 1\debug\terrain.obj
c:\users\weaver\desktop\gameengine\release 1\debug\tile.obj
c:\users\weaver\desktop\gameengine\release 1\debug\collider.obj
c:\users\weaver\desktop\gameengine\release 1\debug\menubuttons.obj
c:\users\weaver\desktop\gameengine\debug\release 1.ilk
c:\users\weaver\desktop\gameengine\debug\release 1.exe
c:\users\weaver\desktop\gameengine\debug\release 1.pdb
c:\users\weaver\desktop\gameengine\release 1\debug\enemy.obj
c:\users\weaver\desktop\gameengine\release 1\debug\listofenemies.obj
c:\users\weaver\desktop\gameengine\release 1\debug\map.obj
c:\users\weaver\desktop\gameengine\release 1\debug\release 1.tlog\cl.command.1.tlog
c:\users\weaver\desktop\gameengine\release 1\debug\release 1.tlog\cl.read.1.tlog
c:\users\weaver\desktop\gameengine\release 1\debug\release 1.tlog\cl.write.1.tlog
c:\users\weaver\desktop\gameengine\release 1\debug\release 1.tlog\link.command.1.tlog
c:\users\weaver\desktop\gameengine\release 1\debug\release 1.tlog\link.read.1.tlog
c:\users\weaver\desktop\gameengine\release 1\debug\release 1.tlog\link.write.1.tlog
