Build started 17/11/2015 0:51:47.
     1>Project "C:\Users\Weaver\Desktop\Uroboros\GameEngine\Release 1\Release 1.vcxproj" on node 2 (Build target(s)).
     1>ClCompile:
         C:\Program Files (x86)\Microsoft Visual Studio 14.0\VC\bin\CL.exe /c /ZI /nologo /W3 /WX- /sdl /Od /Oy- /D _CRT_SECURE_NO_WARNINGS /D WIN32 /D _DEBUG /D _CONSOLE /D _UNICODE /D UNICODE /Gm /EHsc /RTC1 /MDd /GS /fp:precise /Zc:wchar_t /Zc:forScope /Zc:inline /Fo"Debug\\" /Fd"Debug\vc140.pdb" /Gd /TP /analyze- /errorReport:prompt MainCharacter.cpp
         MainCharacter.cpp
       Link:
         C:\Program Files (x86)\Microsoft Visual Studio 14.0\VC\bin\link.exe /ERRORREPORT:PROMPT /OUT:"C:\Users\Weaver\Desktop\Uroboros\GameEngine\Debug\Release 1.exe" /INCREMENTAL /NOLOGO sdl2.lib sdl2main.lib sdl2_image.lib sdl2_ttf.lib kernel32.lib user32.lib gdi32.lib winspool.lib comdlg32.lib advapi32.lib shell32.lib ole32.lib oleaut32.lib uuid.lib odbc32.lib odbccp32.lib kernel32.lib user32.lib gdi32.lib winspool.lib comdlg32.lib advapi32.lib shell32.lib ole32.lib oleaut32.lib uuid.lib odbc32.lib odbccp32.lib /MANIFEST /MANIFESTUAC:"level='asInvoker' uiAccess='false'" /manifest:embed /Debug /PDB:"C:\Users\Weaver\Desktop\Uroboros\GameEngine\Debug\Release 1.pdb" /SUBSYSTEM:CONSOLE /TLBID:1 /DYNAMICBASE /NXCOMPAT /IMPLIB:"C:\Users\Weaver\Desktop\Uroboros\GameEngine\Debug\Release 1.lib" /MACHINE:X86 Debug\Collider.obj
         Debug\ErrorManagement.obj
         Debug\Game.obj
         Debug\Health.obj
         Debug\InputManager.obj
         Debug\Main.obj
         Debug\MainCharacter.obj
         Debug\MenuButtons.obj
         Debug\SDLInterface.obj
         Debug\Sprite.obj
         Debug\Terrain.obj
         Debug\Tile.obj
         Release 1.vcxproj -> C:\Users\Weaver\Desktop\Uroboros\GameEngine\Debug\Release 1.exe
     1>Done Building Project "C:\Users\Weaver\Desktop\Uroboros\GameEngine\Release 1\Release 1.vcxproj" (Build target(s)).

Build succeeded.

Time Elapsed 00:00:00.48
