c:\users\weaverr\downloads\enti-master\2015-2016\tecnología de la programación(c++) 2015-2016\gameengine(release3)\release 1\debug\vc141.pdb
c:\users\weaverr\downloads\enti-master\2015-2016\tecnología de la programación(c++) 2015-2016\gameengine(release3)\release 1\debug\vc141.idb
c:\users\weaverr\downloads\enti-master\2015-2016\tecnología de la programación(c++) 2015-2016\gameengine(release3)\release 1\debug\maincharacter.obj
c:\users\weaverr\downloads\enti-master\2015-2016\tecnología de la programación(c++) 2015-2016\gameengine(release3)\release 1\debug\main.obj
c:\users\weaverr\downloads\enti-master\2015-2016\tecnología de la programación(c++) 2015-2016\gameengine(release3)\release 1\debug\inventory.obj
c:\users\weaverr\downloads\enti-master\2015-2016\tecnología de la programación(c++) 2015-2016\gameengine(release3)\release 1\debug\inputmanager.obj
c:\users\weaverr\downloads\enti-master\2015-2016\tecnología de la programación(c++) 2015-2016\gameengine(release3)\release 1\debug\healthobject.obj
c:\users\weaverr\downloads\enti-master\2015-2016\tecnología de la programación(c++) 2015-2016\gameengine(release3)\release 1\debug\health.obj
c:\users\weaverr\downloads\enti-master\2015-2016\tecnología de la programación(c++) 2015-2016\gameengine(release3)\release 1\debug\game.obj
c:\users\weaverr\downloads\enti-master\2015-2016\tecnología de la programación(c++) 2015-2016\gameengine(release3)\release 1\debug\errormanagement.obj
c:\users\weaverr\downloads\enti-master\2015-2016\tecnología de la programación(c++) 2015-2016\gameengine(release3)\release 1\debug\environment.obj
c:\users\weaverr\downloads\enti-master\2015-2016\tecnología de la programación(c++) 2015-2016\gameengine(release3)\release 1\debug\enemyarrow.obj
c:\users\weaverr\downloads\enti-master\2015-2016\tecnología de la programación(c++) 2015-2016\gameengine(release3)\release 1\debug\enemy.obj
c:\users\weaverr\downloads\enti-master\2015-2016\tecnología de la programación(c++) 2015-2016\gameengine(release3)\release 1\debug\element.obj
c:\users\weaverr\downloads\enti-master\2015-2016\tecnología de la programación(c++) 2015-2016\gameengine(release3)\release 1\debug\collider.obj
c:\users\weaverr\downloads\enti-master\2015-2016\tecnología de la programación(c++) 2015-2016\gameengine(release3)\release 1\debug\characterlist.obj
c:\users\weaverr\downloads\enti-master\2015-2016\tecnología de la programación(c++) 2015-2016\gameengine(release3)\release 1\debug\character.obj
c:\users\weaverr\downloads\enti-master\2015-2016\tecnología de la programación(c++) 2015-2016\gameengine(release3)\release 1\debug\bulletlist.obj
c:\users\weaverr\downloads\enti-master\2015-2016\tecnología de la programación(c++) 2015-2016\gameengine(release3)\release 1\debug\bullet.obj
c:\users\weaverr\downloads\enti-master\2015-2016\tecnología de la programación(c++) 2015-2016\gameengine(release3)\release 1\debug\base.obj
c:\users\weaverr\downloads\enti-master\2015-2016\tecnología de la programación(c++) 2015-2016\gameengine(release3)\release 1\debug\animator.obj
c:\users\weaverr\downloads\enti-master\2015-2016\tecnología de la programación(c++) 2015-2016\gameengine(release3)\release 1\debug\aimap.obj
c:\users\weaverr\downloads\enti-master\2015-2016\tecnología de la programación(c++) 2015-2016\gameengine(release3)\release 1\debug\tile.obj
c:\users\weaverr\downloads\enti-master\2015-2016\tecnología de la programación(c++) 2015-2016\gameengine(release3)\release 1\debug\terrain.obj
c:\users\weaverr\downloads\enti-master\2015-2016\tecnología de la programación(c++) 2015-2016\gameengine(release3)\release 1\debug\sprite.obj
c:\users\weaverr\downloads\enti-master\2015-2016\tecnología de la programación(c++) 2015-2016\gameengine(release3)\release 1\debug\sdlinterface.obj
c:\users\weaverr\downloads\enti-master\2015-2016\tecnología de la programación(c++) 2015-2016\gameengine(release3)\release 1\debug\rankinguser.obj
c:\users\weaverr\downloads\enti-master\2015-2016\tecnología de la programación(c++) 2015-2016\gameengine(release3)\release 1\debug\ranking.obj
c:\users\weaverr\downloads\enti-master\2015-2016\tecnología de la programación(c++) 2015-2016\gameengine(release3)\release 1\debug\powerup.obj
c:\users\weaverr\downloads\enti-master\2015-2016\tecnología de la programación(c++) 2015-2016\gameengine(release3)\release 1\debug\objectlist.obj
c:\users\weaverr\downloads\enti-master\2015-2016\tecnología de la programación(c++) 2015-2016\gameengine(release3)\release 1\debug\object.obj
c:\users\weaverr\downloads\enti-master\2015-2016\tecnología de la programación(c++) 2015-2016\gameengine(release3)\release 1\debug\npc.obj
c:\users\weaverr\downloads\enti-master\2015-2016\tecnología de la programación(c++) 2015-2016\gameengine(release3)\release 1\debug\menulist.obj
c:\users\weaverr\downloads\enti-master\2015-2016\tecnología de la programación(c++) 2015-2016\gameengine(release3)\release 1\debug\menubuttons.obj
c:\users\weaverr\downloads\enti-master\2015-2016\tecnología de la programación(c++) 2015-2016\gameengine(release3)\debug\release2.ilk
c:\users\weaverr\downloads\enti-master\2015-2016\tecnología de la programación(c++) 2015-2016\gameengine(release3)\debug\release2.exe
c:\users\weaverr\downloads\enti-master\2015-2016\tecnología de la programación(c++) 2015-2016\gameengine(release3)\debug\release2.pdb
c:\users\weaverr\downloads\enti-master\2015-2016\tecnología de la programación(c++) 2015-2016\gameengine(release3)\release 1\debug\aimap.obj.enc
c:\users\weaverr\downloads\enti-master\2015-2016\tecnología de la programación(c++) 2015-2016\gameengine(release3)\release 1\debug\characterlist.obj.enc
c:\users\weaverr\downloads\enti-master\2015-2016\tecnología de la programación(c++) 2015-2016\gameengine(release3)\release 1\debug\enemy.obj.enc
c:\users\weaverr\downloads\enti-master\2015-2016\tecnología de la programación(c++) 2015-2016\gameengine(release3)\release 1\debug\game.obj.enc
c:\users\weaverr\downloads\enti-master\2015-2016\tecnología de la programación(c++) 2015-2016\gameengine(release3)\release 1\debug\main.obj.enc
c:\users\weaverr\downloads\enti-master\2015-2016\tecnología de la programación(c++) 2015-2016\gameengine(release3)\release 1\debug\maincharacter.obj.enc
c:\users\weaverr\downloads\enti-master\2015-2016\tecnología de la programación(c++) 2015-2016\gameengine(release3)\release 1\debug\menubuttons.obj.enc
c:\users\weaverr\downloads\enti-master\2015-2016\tecnología de la programación(c++) 2015-2016\gameengine(release3)\release 1\debug\menulist.obj.enc
c:\users\weaverr\downloads\enti-master\2015-2016\tecnología de la programación(c++) 2015-2016\gameengine(release3)\release 1\debug\objectlist.obj.enc
c:\users\weaverr\downloads\enti-master\2015-2016\tecnología de la programación(c++) 2015-2016\gameengine(release3)\release 1\debug\terrain.obj.enc
c:\users\weaverr\downloads\enti-master\2015-2016\tecnología de la programación(c++) 2015-2016\gameengine(release3)\release 1\debug\release2.tlog\cl.command.1.tlog
c:\users\weaverr\downloads\enti-master\2015-2016\tecnología de la programación(c++) 2015-2016\gameengine(release3)\release 1\debug\release2.tlog\cl.read.1.tlog
c:\users\weaverr\downloads\enti-master\2015-2016\tecnología de la programación(c++) 2015-2016\gameengine(release3)\release 1\debug\release2.tlog\cl.write.1.tlog
c:\users\weaverr\downloads\enti-master\2015-2016\tecnología de la programación(c++) 2015-2016\gameengine(release3)\release 1\debug\release2.tlog\link.command.1.tlog
c:\users\weaverr\downloads\enti-master\2015-2016\tecnología de la programación(c++) 2015-2016\gameengine(release3)\release 1\debug\release2.tlog\link.read.1.tlog
c:\users\weaverr\downloads\enti-master\2015-2016\tecnología de la programación(c++) 2015-2016\gameengine(release3)\release 1\debug\release2.tlog\link.write.1.tlog
